###############################################################

Slurm JOB Logs
...


###############################################################
Load SCADA data from data_root/scada_df.csv
DONE! Scada DataFrame (721, 5)

Load Sensor data from data_root/scada_df.csv
DONE! Sensor DataFrame (16618236, 16)

  0%|          | 0/720 [00:00<?, ?it/s] 59%|█████▊    | 422/720 [00:00<00:00, 4213.10it/s]100%|██████████| 720/720 [00:00<00:00, 4297.16it/s]

Check Leading/None/Missing values in Wind speed.
Window = 240min / Threshold = 0.01

Leading Value Counts: 0


None Value Counts: 17
2021-02-11 11:40:00,	2021-02-15 08:50:00,	2021-02-15 09:10:00,	
2021-02-16 04:00:00,	2021-02-16 04:10:00,	2021-02-16 05:30:00,	
2021-02-16 05:40:00,	2021-02-16 05:50:00,	2021-02-22 10:00:00,	
2021-02-22 10:20:00,	2021-02-22 13:20:00,	2021-02-22 14:00:00,	
2021-02-22 14:50:00,	2021-02-24 10:40:00,	2021-02-24 10:50:00,	
2021-02-24 11:20:00,	2021-02-24 11:30:00,	

Missing Value Counts: 18
2021-02-03 13:30:00,	2021-02-04 12:50:00,	2021-02-07 20:40:00,	
2021-02-08 01:40:00,	2021-02-13 09:40:00,	2021-02-13 14:50:00,	
2021-02-13 16:50:00,	2021-02-13 21:00:00,	2021-02-20 17:30:00,	
2021-02-20 21:40:00,	2021-02-21 22:10:00,	2021-02-22 03:10:00,	
2021-02-24 11:30:00,	2021-02-24 17:10:00,	2021-02-26 23:30:00,	
2021-02-27 04:40:00,	2021-02-27 22:10:00,	2021-02-28 05:20:00,	
Save Leading Value Plot at ./scada_ws_leadval.png

  0%|          | 0/720 [00:00<?, ?it/s] 51%|█████     | 368/720 [00:00<00:00, 3665.29it/s]100%|██████████| 720/720 [00:00<00:00, 3241.95it/s]

Check Leading/None/Missing values in Power.
Window = 240min / Threshold = 3

Leading Value Counts: 206
2021-02-01 01:30:00,	2021-02-01 02:50:00,	2021-02-01 04:10:00,	
2021-02-02 21:20:00,	2021-02-02 22:20:00,	2021-02-02 23:20:00,	
2021-02-03 02:40:00,	2021-02-03 02:50:00,	2021-02-03 03:10:00,	
2021-02-03 03:40:00,	2021-02-03 03:50:00,	2021-02-04 12:50:00,	
2021-02-04 13:10:00,	2021-02-04 14:00:00,	2021-02-04 14:20:00,	
2021-02-04 15:00:00,	2021-02-04 15:40:00,	2021-02-04 17:50:00,	
2021-02-04 19:40:00,	2021-02-04 20:40:00,	2021-02-06 06:30:00,	
2021-02-06 07:10:00,	2021-02-06 08:30:00,	2021-02-06 12:20:00,	
2021-02-06 12:40:00,	2021-02-06 14:50:00,	2021-02-06 16:20:00,	
2021-02-06 17:10:00,	2021-02-06 17:40:00,	2021-02-06 18:00:00,	
2021-02-06 19:20:00,	2021-02-07 02:40:00,	2021-02-07 03:30:00,	
2021-02-07 03:40:00,	2021-02-07 04:10:00,	2021-02-08 10:30:00,	
2021-02-08 10:50:00,	2021-02-08 12:30:00,	2021-02-12 16:10:00,	
2021-02-12 17:00:00,	2021-02-12 17:50:00,	2021-02-12 18:00:00,	
2021-02-12 18:40:00,	2021-02-12 19:10:00,	2021-02-13 01:50:00,	
2021-02-13 04:20:00,	2021-02-13 05:40:00,	2021-02-13 05:50:00,	
2021-02-13 06:20:00,	2021-02-14 13:20:00,	2021-02-14 14:00:00,	
2021-02-14 14:10:00,	2021-02-14 14:40:00,	2021-02-14 15:30:00,	
2021-02-14 23:50:00,	2021-02-15 02:30:00,	2021-02-15 04:30:00,	
2021-02-15 05:40:00,	2021-02-15 05:50:00,	2021-02-15 06:10:00,	
2021-02-15 08:50:00,	2021-02-15 09:10:00,	2021-02-15 13:00:00,	
2021-02-15 13:40:00,	2021-02-15 13:50:00,	2021-02-15 14:10:00,	
2021-02-15 14:30:00,	2021-02-15 14:40:00,	2021-02-15 15:50:00,	
2021-02-15 16:00:00,	2021-02-15 17:40:00,	2021-02-15 18:40:00,	
2021-02-15 18:50:00,	2021-02-15 19:00:00,	2021-02-15 19:20:00,	
2021-02-15 20:00:00,	2021-02-15 21:00:00,	2021-02-15 21:10:00,	
2021-02-15 22:40:00,	2021-02-16 00:30:00,	2021-02-16 02:30:00,	
2021-02-16 04:00:00,	2021-02-16 04:10:00,	2021-02-16 05:30:00,	
2021-02-16 05:40:00,	2021-02-16 05:50:00,	2021-02-16 06:10:00,	
2021-02-16 07:10:00,	2021-02-16 08:00:00,	2021-02-16 08:50:00,	
2021-02-16 10:20:00,	2021-02-16 13:20:00,	2021-02-16 13:50:00,	
2021-02-16 14:00:00,	2021-02-16 15:20:00,	2021-02-16 15:30:00,	
2021-02-16 18:20:00,	2021-02-16 19:30:00,	2021-02-16 19:40:00,	
2021-02-16 20:00:00,	2021-02-16 20:50:00,	2021-02-16 21:00:00,	
2021-02-16 22:00:00,	2021-02-16 23:40:00,	2021-02-17 00:20:00,	
2021-02-17 00:50:00,	2021-02-17 02:10:00,	2021-02-17 02:20:00,	
2021-02-17 03:10:00,	2021-02-17 03:50:00,	2021-02-17 04:20:00,	
2021-02-17 04:40:00,	2021-02-17 05:20:00,	2021-02-17 05:50:00,	
2021-02-17 06:00:00,	2021-02-17 07:00:00,	2021-02-17 07:30:00,	
2021-02-17 09:20:00,	2021-02-17 10:00:00,	2021-02-17 11:10:00,	
2021-02-17 12:20:00,	2021-02-17 13:30:00,	2021-02-17 13:50:00,	
2021-02-17 14:00:00,	2021-02-17 14:20:00,	2021-02-17 14:50:00,	
2021-02-17 15:30:00,	2021-02-17 15:40:00,	2021-02-17 16:30:00,	
2021-02-17 17:00:00,	2021-02-17 20:30:00,	2021-02-17 20:40:00,	
2021-02-17 21:30:00,	2021-02-17 22:20:00,	2021-02-17 23:20:00,	
2021-02-17 23:40:00,	2021-02-18 00:30:00,	2021-02-18 01:10:00,	
2021-02-18 03:30:00,	2021-02-18 04:20:00,	2021-02-18 05:00:00,	
2021-02-18 05:10:00,	2021-02-18 05:30:00,	2021-02-18 06:10:00,	
2021-02-18 06:50:00,	2021-02-18 07:00:00,	2021-02-18 07:40:00,	
2021-02-18 08:10:00,	2021-02-18 08:40:00,	2021-02-18 09:00:00,	
2021-02-18 09:40:00,	2021-02-18 11:10:00,	2021-02-18 11:50:00,	
2021-02-18 12:30:00,	2021-02-18 13:10:00,	2021-02-18 13:30:00,	
2021-02-18 15:40:00,	2021-02-18 18:40:00,	2021-02-18 20:30:00,	
2021-02-18 20:50:00,	2021-02-18 21:00:00,	2021-02-18 22:20:00,	
2021-02-18 23:00:00,	2021-02-19 00:50:00,	2021-02-19 01:50:00,	
2021-02-19 02:10:00,	2021-02-19 03:40:00,	2021-02-19 05:10:00,	
2021-02-19 06:50:00,	2021-02-19 07:30:00,	2021-02-19 09:30:00,	
2021-02-19 10:10:00,	2021-02-19 10:50:00,	2021-02-19 11:20:00,	
2021-02-19 12:30:00,	2021-02-19 16:00:00,	2021-02-19 16:30:00,	
2021-02-19 17:10:00,	2021-02-19 17:20:00,	2021-02-19 18:00:00,	
2021-02-19 18:40:00,	2021-02-19 18:50:00,	2021-02-19 21:00:00,	
2021-02-19 21:10:00,	2021-02-19 21:20:00,	2021-02-19 21:40:00,	
2021-02-19 23:20:00,	2021-02-20 01:30:00,	2021-02-20 01:40:00,	
2021-02-20 02:50:00,	2021-02-20 04:10:00,	2021-02-20 04:50:00,	
2021-02-20 05:00:00,	2021-02-20 06:00:00,	2021-02-20 07:30:00,	
2021-02-20 07:50:00,	2021-02-20 08:20:00,	2021-02-20 08:30:00,	
2021-02-20 08:50:00,	2021-02-20 09:10:00,	2021-02-20 10:40:00,	
2021-02-20 11:10:00,	2021-02-20 12:00:00,	2021-02-20 13:00:00,	
2021-02-20 15:10:00,	2021-02-20 16:40:00,	

None Value Counts: 10
2021-02-11 11:40:00,	2021-02-22 10:00:00,	2021-02-22 10:20:00,	
2021-02-22 13:20:00,	2021-02-22 14:00:00,	2021-02-22 14:50:00,	
2021-02-24 10:40:00,	2021-02-24 10:50:00,	2021-02-24 11:20:00,	
2021-02-24 11:30:00,	

Missing Value Counts: 18
2021-02-03 13:30:00,	2021-02-04 12:50:00,	2021-02-07 20:40:00,	
2021-02-08 01:40:00,	2021-02-13 09:40:00,	2021-02-13 14:50:00,	
2021-02-13 16:50:00,	2021-02-13 21:00:00,	2021-02-20 17:30:00,	
2021-02-20 21:40:00,	2021-02-21 22:10:00,	2021-02-22 03:10:00,	
2021-02-24 11:30:00,	2021-02-24 17:10:00,	2021-02-26 23:30:00,	
2021-02-27 04:40:00,	2021-02-27 22:10:00,	2021-02-28 05:20:00,	
Save Leading Value Plot at ./scada_pw_leadval.png

