###############################################################

Slurm JOB Logs
...


###############################################################
Load SCADA data from data_root/scada_df.csv
DONE! Scada DataFrame (721, 5)

Load Sensor data from data_root/scada_df.csv
DONE! Sensor DataFrame (16618236, 3)


  0%|          | 0/28 [00:00<?, ?it/s]
  7%|▋         | 2/28 [00:00<00:01, 14.71it/s]
 14%|█▍        | 4/28 [00:00<00:01, 15.36it/s]
 21%|██▏       | 6/28 [00:00<00:01, 15.57it/s]
 29%|██▊       | 8/28 [00:00<00:01, 15.69it/s]
 36%|███▌      | 10/28 [00:00<00:01, 15.77it/s]
 43%|████▎     | 12/28 [00:00<00:01, 15.81it/s]
 50%|█████     | 14/28 [00:00<00:00, 15.90it/s]
 57%|█████▋    | 16/28 [00:01<00:00, 15.94it/s]
 64%|██████▍   | 18/28 [00:01<00:00, 15.94it/s]
 71%|███████▏  | 20/28 [00:01<00:00, 15.99it/s]
 79%|███████▊  | 22/28 [00:01<00:00, 16.00it/s]
 86%|████████▌ | 24/28 [00:01<00:00, 16.01it/s]
 93%|█████████▎| 26/28 [00:01<00:00, 15.97it/s]
100%|██████████| 28/28 [00:01<00:00, 16.05it/s]
100%|██████████| 28/28 [00:01<00:00, 15.88it/s]

Date: 2021-02-01 ~ 2021-02-28
Time: 00:00:00 ~ 23:59:00
Window: 10 min
Downtime: 82.12% ( 3311 / 4032 )
Save Downtime Heatmap at ./scada_down_heat.png
